<?xml version="1.0" encoding="UTF-8"?>
<robot generator="Robot 2.8.5 (Jython 2.5.3 on java1.7.0_51)" generated="20140904 22:42:34.174">
<suite source="C:\Users\sfedy_000\Documents\GitHub\jsu-mcis-cs310-tictactoe\acceptance\TicTacToeTests.txt" id="s1" name="TicTacToeTests">
<test id="s1-t1" name="Win Diagonally as X">
<kw type="kw" name="Start New Game">
<doc></doc>
<arguments>
</arguments>
<msg timestamp="20140904 22:42:34.739" level="FAIL">No keyword with name 'Start New Game' found.</msg>
<status status="FAIL" endtime="20140904 22:42:34.740" starttime="20140904 22:42:34.737"></status>
</kw>
<doc></doc>
<tags>
</tags>
<status status="FAIL" critical="yes" endtime="20140904 22:42:34.744" starttime="20140904 22:42:34.730">No keyword with name 'Start New Game' found.</status>
</test>
<test id="s1-t2" name="Win Horizontally as O">
<kw type="kw" name="Start New Game">
<doc></doc>
<arguments>
</arguments>
<msg timestamp="20140904 22:42:34.760" level="FAIL">No keyword with name 'Start New Game' found.</msg>
<status status="FAIL" endtime="20140904 22:42:34.761" starttime="20140904 22:42:34.758"></status>
</kw>
<doc></doc>
<tags>
</tags>
<status status="FAIL" critical="yes" endtime="20140904 22:42:34.764" starttime="20140904 22:42:34.750">No keyword with name 'Start New Game' found.</status>
</test>
<doc></doc>
<metadata>
</metadata>
<status status="FAIL" endtime="20140904 22:42:34.772" starttime="20140904 22:42:34.182"></status>
</suite>
<statistics>
<total>
<stat pass="0" fail="2">Critical Tests</stat>
<stat pass="0" fail="2">All Tests</stat>
</total>
<tag>
</tag>
<suite>
<stat pass="0" id="s1" fail="2" name="TicTacToeTests">TicTacToeTests</stat>
</suite>
</statistics>
<errors>
<msg timestamp="20140904 22:42:34.717" level="ERROR">Error in file 'C:\Users\sfedy_000\Documents\GitHub\jsu-mcis-cs310-tictactoe\acceptance\TicTacToeTests.txt': Importing test library 'TicTacToeKeywords' failed: ImportError: No module named TicTacToeKeywords
Traceback (most recent call last):
  None
PYTHONPATH:
  C:\Users\sfedy_000\Documents\RobotFrameWork\robotframework-2.8.5.jar\Lib\robot\libraries
  C:\Users\sfedy_000\Documents\RobotFrameWork\robotframework-2.8.5.jar\Lib
  C:\Users\sfedy_000\Documents\RobotFrameWork\Lib
  __classpath__
  __pyclasspath__/
  .
  C:\Users\sfedy_000\Documents\GitHub\jsu-mcis-cs310-tictactoe\acceptance
CLASSPATH:
  .
  ..\build\classes\main
  C:\Users\sfedy_000\Documents\RobotFramework\robotframework-2.8.5.jar</msg>
</errors>
</robot>
